1643907535937	geckodriver	INFO	Listening on 127.0.0.1:53334
1643907536453	mozrunner::runner	INFO	Running command: "/Applications/Firefox.app/Contents/MacOS/firefox-bin" "--marionette" "--remote-debugging-port" "53335" "-foreground" "-no-remote" "-profile" "/var/folders/m_/vrj91lpx55x3353rj4wb4fp00000gn/T/rust_mozprofileraEi3B"
1643907537313	Marionette	INFO	Marionette enabled
_RegisterApplication(), FAILED TO establish the default connection to the WindowServer, _CGSDefaultConnection() is NULL.
_RegisterApplication(), FAILED TO establish the default connection to the WindowServer, _CGSDefaultConnection() is NULL.
console.warn: SearchSettings: "get: No settings file exists, new profile?" (new NotFoundError("Could not open the file at /var/folders/m_/vrj91lpx55x3353rj4wb4fp00000gn/T/rust_mozprofileraEi3B/search.json.mozlz4", (void 0)))
console.error: BackgroundUpdate: 
  _reasonsToNotScheduleUpdates: Failed to check for Maintenance Service Registry Key: [Exception... "Component returned failure code: 0x80004001 (NS_ERROR_NOT_IMPLEMENTED) [nsIUpdateProcessor.getServiceRegKeyExists]"  nsresult: "0x80004001 (NS_ERROR_NOT_IMPLEMENTED)"  location: "JS frame :: resource://gre/modules/BackgroundUpdate.jsm :: _reasonsToNotScheduleUpdates :: line 243"  data: no]
DevTools listening on ws://localhost:53335/devtools/browser/751e7604-6ffd-4d0b-b114-27dcaa8ebb86
1643907539429	Marionette	INFO	Listening on port 53343
1643907539482	RemoteAgent	WARN	TLS certificate errors will be ignored for this session
_RegisterApplication(), FAILED TO establish the default connection to the WindowServer, _CGSDefaultConnection() is NULL.
console.warn: LoginRecipes: "getRecipes: falling back to a synchronous message for:" "https://accounts.google.com"
console.warn: LoginRecipes: "getRecipes: falling back to a synchronous message for:" "https://accounts.google.com"
JavaScript warning: https://accounts.google.com/ServiceLogin?service=wise&passive=1209600&continue=https%3A%2F%2Fdocs.google.com%2Fforms%2F&followup=https%3A%2F%2Fdocs.google.com%2Fforms%2F&ltmpl=forms&flowName=GlifWebSignIn&flowEntry=ServiceLogin line 1 > eval line 1648 > eval line 1 > eval, line 1: WEBGL_debug_renderer_info is deprecated in Firefox and will be removed. Please use RENDERER.
_RegisterApplication(), FAILED TO establish the default connection to the WindowServer, _CGSDefaultConnection() is NULL.
1643907577693	geckodriver	INFO	Listening on 127.0.0.1:53591
1643907578210	mozrunner::runner	INFO	Running command: "/Applications/Firefox.app/Contents/MacOS/firefox-bin" "--marionette" "--remote-debugging-port" "53592" "-foreground" "-no-remote" "-profile" "/var/folders/m_/vrj91lpx55x3353rj4wb4fp00000gn/T/rust_mozprofile00nUzM"
1643907578701	Marionette	INFO	Marionette enabled
_RegisterApplication(), FAILED TO establish the default connection to the WindowServer, _CGSDefaultConnection() is NULL.
_RegisterApplication(), FAILED TO establish the default connection to the WindowServer, _CGSDefaultConnection() is NULL.
console.warn: SearchSettings: "get: No settings file exists, new profile?" (new NotFoundError("Could not open the file at /var/folders/m_/vrj91lpx55x3353rj4wb4fp00000gn/T/rust_mozprofile00nUzM/search.json.mozlz4", (void 0)))
console.error: BackgroundUpdate: 
  _reasonsToNotScheduleUpdates: Failed to check for Maintenance Service Registry Key: [Exception... "Component returned failure code: 0x80004001 (NS_ERROR_NOT_IMPLEMENTED) [nsIUpdateProcessor.getServiceRegKeyExists]"  nsresult: "0x80004001 (NS_ERROR_NOT_IMPLEMENTED)"  location: "JS frame :: resource://gre/modules/BackgroundUpdate.jsm :: _reasonsToNotScheduleUpdates :: line 243"  data: no]
DevTools listening on ws://localhost:53592/devtools/browser/b8fe9d31-dd6e-42f1-bd3f-180b45d1b17a
1643907580992	Marionette	INFO	Listening on port 53603
1643907581057	RemoteAgent	WARN	TLS certificate errors will be ignored for this session
_RegisterApplication(), FAILED TO establish the default connection to the WindowServer, _CGSDefaultConnection() is NULL.
console.warn: LoginRecipes: "getRecipes: falling back to a synchronous message for:" "https://accounts.google.com"
console.warn: LoginRecipes: "getRecipes: falling back to a synchronous message for:" "https://accounts.google.com"
1643907584121	Marionette	INFO	Stopped listening on port 53343
JavaScript warning: https://accounts.google.com/ServiceLogin?service=wise&passive=1209600&continue=https%3A%2F%2Fdocs.google.com%2Fforms%2F&followup=https%3A%2F%2Fdocs.google.com%2Fforms%2F&ltmpl=forms&flowName=GlifWebSignIn&flowEntry=ServiceLogin line 1 > eval line 6075 > eval line 1 > eval, line 1: WEBGL_debug_renderer_info is deprecated in Firefox and will be removed. Please use RENDERER.
_RegisterApplication(), FAILED TO establish the default connection to the WindowServer, _CGSDefaultConnection() is NULL.
console.warn: LoginRecipes: "getRecipes: falling back to a synchronous message for:" "https://accounts.google.com"
JavaScript warning: https://accounts.google.com/ServiceLogin?service=wise&passive=1209600&continue=https%3A%2F%2Fdocs.google.com%2Fforms%2F&followup=https%3A%2F%2Fdocs.google.com%2Fforms%2F&ltmpl=forms&flowName=GlifWebSignIn&flowEntry=ServiceLogin line 1 > eval line 931 > eval line 1 > eval, line 1: WEBGL_debug_renderer_info is deprecated in Firefox and will be removed. Please use RENDERER.
console.warn: LoginRecipes: "getRecipes: falling back to a synchronous message for:" "https://www.google.com"
console.warn: LoginRecipes: "getRecipes: falling back to a synchronous message for:" "https://www.google.com"
console.warn: LoginRecipes: "getRecipes: falling back to a synchronous message for:" "https://www.google.com"
JavaScript error: , line 0: TypeError: NetworkError when attempting to fetch resource.
console.warn: LoginRecipes: "getRecipes: falling back to a synchronous message for:" "https://www.google.com"
console.warn: LoginRecipes: "getRecipes: falling back to a synchronous message for:" "https://www.google.com"
console.warn: LoginRecipes: "getRecipes: falling back to a synchronous message for:" "https://www.google.com"
console.warn: LoginRecipes: "getRecipes: falling back to a synchronous message for:" "https://www.google.com"
console.warn: LoginRecipes: "getRecipes: falling back to a synchronous message for:" "https://www.google.com"
console.warn: LoginRecipes: "getRecipes: falling back to a synchronous message for:" "https://www.google.com"
JavaScript error: , line 0: TypeError: NetworkError when attempting to fetch resource.
console.warn: LoginRecipes: "getRecipes: falling back to a synchronous message for:" "https://www.google.com"
console.warn: LoginRecipes: "getRecipes: falling back to a synchronous message for:" "https://www.google.com"
console.warn: LoginRecipes: "getRecipes: falling back to a synchronous message for:" "https://www.google.com"
JavaScript warning: https://pagead2.googlesyndication.com/bg/mdqKvlGwTeSXiP4SbDG4fPc0JxjBpG49JTgeDIKrRjQ.js line 1 > eval line 2729 > eval line 1 > eval line 1 > eval, line 1: WEBGL_debug_renderer_info is deprecated in Firefox and will be removed. Please use RENDERER.
console.warn: LoginRecipes: "getRecipes: falling back to a synchronous message for:" "https://stackoverflow.com"
console.warn: LoginRecipes: "getRecipes: falling back to a synchronous message for:" "https://stackoverflow.com"
console.warn: LoginRecipes: "getRecipes: falling back to a synchronous message for:" "https://accounts.google.com"
console.warn: LoginRecipes: "getRecipes: falling back to a synchronous message for:" "https://accounts.google.com"
JavaScript warning: https://accounts.google.com/o/oauth2/v2/auth?redirect_uri=https%3A%2F%2Fdevelopers.google.com%2Foauthplayground&prompt=consent&response_type=code&client_id=407408718192.apps.googleusercontent.com&scope=email&access_type=offline&flowName=GeneralOAuthFlow line 1 > eval line 2246 > eval line 1 > eval, line 1: WEBGL_debug_renderer_info is deprecated in Firefox and will be removed. Please use RENDERER.

###!!! [Child][RunMessage] Error: Channel closing: too late to send/recv, messages will be lost


###!!! [Child][RunMessage] Error: Channel closing: too late to send/recv, messages will be lost


###!!! [Child][RunMessage] Error: Channel closing: too late to send/recv, messages will be lost


###!!! [Child][RunMessage] Error: Channel closing: too late to send/recv, messages will be lost

_RegisterApplication(), FAILED TO establish the default connection to the WindowServer, _CGSDefaultConnection() is NULL.
_RegisterApplication(), FAILED TO establish the default connection to the WindowServer, _CGSDefaultConnection() is NULL.
JavaScript warning: https://pagead2.googlesyndication.com/bg/mdqKvlGwTeSXiP4SbDG4fPc0JxjBpG49JTgeDIKrRjQ.js line 1 > eval line 156 > eval line 1 > eval line 1 > eval, line 1: WEBGL_debug_renderer_info is deprecated in Firefox and will be removed. Please use RENDERER.
JavaScript warning: https://cdn.js7k.com/rq/iv/inside-5.js, line 1: WEBGL_debug_renderer_info is deprecated in Firefox and will be removed. Please use RENDERER.
JavaScript error: , line 0: TypeError: NetworkError when attempting to fetch resource.
JavaScript error: , line 0: TypeError: NetworkError when attempting to fetch resource.
JavaScript error: , line 0: TypeError: NetworkError when attempting to fetch resource.
JavaScript warning: https://www.redditstatic.com/accountmanager/ssoOneTap.2e19bfdcbac4b3db012d.js, line 1: unreachable code after return statement
console.warn: LoginRecipes: "getRecipes: falling back to a synchronous message for:" "https://www.google.com"
console.warn: LoginRecipes: "getRecipes: falling back to a synchronous message for:" "https://www.google.com"
console.warn: LoginRecipes: "getRecipes: falling back to a synchronous message for:" "https://gist.github.com"
console.warn: LoginRecipes: "getRecipes: falling back to a synchronous message for:" "https://github.com"
console.warn: LoginRecipes: "getRecipes: falling back to a synchronous message for:" "https://github.com"
console.warn: LoginRecipes: "getRecipes: falling back to a synchronous message for:" "https://github.com"
console.warn: LoginRecipes: "getRecipes: falling back to a synchronous message for:" "https://www.google.com"
console.warn: LoginRecipes: "getRecipes: falling back to a synchronous message for:" "https://www.google.com"
JavaScript warning: https://pagead2.googlesyndication.com/bg/mdqKvlGwTeSXiP4SbDG4fPc0JxjBpG49JTgeDIKrRjQ.js line 1 > eval line 4752 > eval line 1 > eval line 1 > eval, line 1: WEBGL_debug_renderer_info is deprecated in Firefox and will be removed. Please use RENDERER.
JavaScript warning: https://pagead2.googlesyndication.com/bg/mdqKvlGwTeSXiP4SbDG4fPc0JxjBpG49JTgeDIKrRjQ.js line 1 > eval line 2259 > eval line 1 > eval line 1 > eval, line 1: WEBGL_debug_renderer_info is deprecated in Firefox and will be removed. Please use RENDERER.
JavaScript warning: https://pagead2.googlesyndication.com/bg/K3QqjkDtpTyrF38W5JrZ5ol4_5B02gVdFCmanKaTR4c.js line 1 > eval line 4416 > eval line 1 > eval line 1 > eval, line 1: WEBGL_debug_renderer_info is deprecated in Firefox and will be removed. Please use RENDERER.
JavaScript warning: https://pagead2.googlesyndication.com/bg/K3QqjkDtpTyrF38W5JrZ5ol4_5B02gVdFCmanKaTR4c.js line 1 > eval line 6380 > eval line 1 > eval line 1 > eval, line 1: WEBGL_debug_renderer_info is deprecated in Firefox and will be removed. Please use RENDERER.
JavaScript warning: https://pagead2.googlesyndication.com/bg/K3QqjkDtpTyrF38W5JrZ5ol4_5B02gVdFCmanKaTR4c.js line 1 > eval line 7756 > eval line 1 > eval line 1 > eval, line 1: Script terminated by timeout at:
c@https://pagead2.googlesyndication.com/bg/K3QqjkDtpTyrF38W5JrZ5ol4_5B02gVdFCmanKaTR4c.js line 1 > eval line 7756 > eval line 1 > eval line 1 > eval:1:24
@https://pagead2.googlesyndication.com/bg/K3QqjkDtpTyrF38W5JrZ5ol4_5B02gVdFCmanKaTR4c.js line 1 > eval line 7756 > eval line 1 > eval line 1 > eval:1:120
NH@https://pagead2.googlesyndication.com/bg/K3QqjkDtpTyrF38W5JrZ5ol4_5B02gVdFCmanKaTR4c.js line 1 > eval line 7756 > eval line 1 > eval line 1 > eval:1:195
oy@https://pagead2.googlesyndication.com/bg/K3QqjkDtpTyrF38W5JrZ5ol4_5B02gVdFCmanKaTR4c.js line 1 > eval line 7756 > eval line 1 > eval line 1 > eval:1:37
U.prototype.X</<@https://pagead2.googlesyndication.com/bg/K3QqjkDtpTyrF38W5JrZ5ol4_5B02gVdFCmanKaTR4c.js line 1 > eval:7756:34315
eC<@https://pagead2.googlesyndication.com/bg/K3QqjkDtpTyrF38W5JrZ5ol4_5B02gVdFCmanKaTR4c.js line 1 > eval:7756:23469
DV@https://pagead2.googlesyndication.com/bg/K3QqjkDtpTyrF38W5JrZ5ol4_5B02gVdFCmanKaTR4c.js line 1 > eval:7756:34569
Fr<@https://pagead2.googlesyndication.com/bg/K3QqjkDtpTyrF38W5JrZ5ol4_5B02gVdFCmanKaTR4c.js line 1 > eval:7756:34920
DV/<@https://pagead2.googlesyndication.com/bg/K3QqjkDtpTyrF38W5JrZ5ol4_5B02gVdFCmanKaTR4c.js line 1 > eval:7756:34641
vu</<@https://pagead2.googlesyndication.com/bg/K3QqjkDtpTyrF38W5JrZ5ol4_5B02gVdFCmanKaTR4c.js line 1 > eval:7756:31068

JavaScript error: , line 0: TypeError: NetworkError when attempting to fetch resource.
JavaScript error: , line 0: TypeError: NetworkError when attempting to fetch resource.
JavaScript error: , line 0: TypeError: NetworkError when attempting to fetch resource.
console.warn: LoginRecipes: "getRecipes: falling back to a synchronous message for:" "https://www.google.com"
console.warn: LoginRecipes: "getRecipes: falling back to a synchronous message for:" "https://www.google.com"
console.warn: LoginRecipes: "getRecipes: falling back to a synchronous message for:" "https://www.google.com"
console.warn: LoginRecipes: "getRecipes: falling back to a synchronous message for:" "https://www.google.com"
console.warn: LoginRecipes: "getRecipes: falling back to a synchronous message for:" "https://www.google.com"
console.warn: LoginRecipes: "getRecipes: falling back to a synchronous message for:" "https://www.google.com"
JavaScript error: https://flutterq.com/wp-content/cache/min/1/9c460b4ae93fcf71729e78d773624a63.js, line 126: TypeError: e.modes[r] is undefined
JavaScript error: https://pagead2.googlesyndication.com/pagead/js/adsbygoogle.js, line 217: uncaught exception: TagError: adsbygoogle.push() error: No slot size for availableWidth=0
JavaScript warning: https://pagead2.googlesyndication.com/bg/K3QqjkDtpTyrF38W5JrZ5ol4_5B02gVdFCmanKaTR4c.js line 1 > eval line 3716 > eval line 1 > eval line 1 > eval, line 1: WEBGL_debug_renderer_info is deprecated in Firefox and will be removed. Please use RENDERER.
JavaScript warning: https://pagead2.googlesyndication.com/bg/K3QqjkDtpTyrF38W5JrZ5ol4_5B02gVdFCmanKaTR4c.js line 1 > eval line 7113 > eval line 1 > eval line 1 > eval, line 1: WEBGL_debug_renderer_info is deprecated in Firefox and will be removed. Please use RENDERER.
JavaScript warning: https://pagead2.googlesyndication.com/bg/K3QqjkDtpTyrF38W5JrZ5ol4_5B02gVdFCmanKaTR4c.js line 1 > eval line 205 > eval line 1 > eval line 1 > eval, line 1: WEBGL_debug_renderer_info is deprecated in Firefox and will be removed. Please use RENDERER.
JavaScript warning: https://pagead2.googlesyndication.com/bg/K3QqjkDtpTyrF38W5JrZ5ol4_5B02gVdFCmanKaTR4c.js line 1 > eval line 6643 > eval line 1 > eval line 1 > eval, line 1: WEBGL_debug_renderer_info is deprecated in Firefox and will be removed. Please use RENDERER.
JavaScript warning: https://pagead2.googlesyndication.com/bg/K3QqjkDtpTyrF38W5JrZ5ol4_5B02gVdFCmanKaTR4c.js line 1 > eval line 1759 > eval line 1 > eval line 1 > eval, line 1: WEBGL_debug_renderer_info is deprecated in Firefox and will be removed. Please use RENDERER.
JavaScript error: , line 0: uncaught exception: 7
JavaScript warning: https://pagead2.googlesyndication.com/bg/mdqKvlGwTeSXiP4SbDG4fPc0JxjBpG49JTgeDIKrRjQ.js line 1 > eval line 2238 > eval line 1 > eval line 1 > eval, line 1: WEBGL_debug_renderer_info is deprecated in Firefox and will be removed. Please use RENDERER.
JavaScript error: https://s0.2mdn.net/ads/richmedia/studio/pv2/61984182/20220117031103885/script.js, line 138: TypeError: this[(aFrame[currentFrame] + "_TL")] is undefined
JavaScript error: , line 0: TypeError: NetworkError when attempting to fetch resource.
JavaScript error: , line 0: TypeError: NetworkError when attempting to fetch resource.
console.warn: LoginRecipes: "getRecipes: falling back to a synchronous message for:" "https://www.google.com"
console.warn: LoginRecipes: "getRecipes: falling back to a synchronous message for:" "https://www.google.com"
_RegisterApplication(), FAILED TO establish the default connection to the WindowServer, _CGSDefaultConnection() is NULL.
JavaScript error: , line 0: TypeError: NetworkError when attempting to fetch resource.
console.warn: LoginRecipes: "getRecipes: falling back to a synchronous message for:" "https://accounts.google.com"
console.warn: LoginRecipes: "getRecipes: falling back to a synchronous message for:" "https://accounts.google.com"
JavaScript warning: https://accounts.google.com/o/oauth2/auth?operation=login&state=google-%7Chttps%3A%2F%2Fmedium.com%2F%3Fsource%3Dlogin--------------------------lo_home_nav--------------%7Clogin&access_type=online&client_id=216296035834-k1k6qe060s2tp2a2jam4ljdcms00sttg.apps.googleusercontent.com&redirect_uri=https%3A%2F%2Fmedium.com%2Fm%2Fcallback%2Fgoogle&response_type=id_token%20token&scope=email%20openid%20profile&nonce=1a2c38aa458ca2945dcf826cd7eb84f7e941b3aae1ec3973269f26145fa6b04a line 1 > eval line 6576 > eval, line 1: WEBGL_debug_renderer_info is deprecated in Firefox and will be removed. Please use RENDERER.
console.warn: LoginRecipes: "getRecipes: falling back to a synchronous message for:" "https://accounts.google.com"
JavaScript warning: https://accounts.google.com/o/oauth2/auth?operation=login&state=google-%7Chttps%3A%2F%2Fmedium.com%2F%3Fsource%3Dlogin--------------------------lo_home_nav--------------%7Clogin&access_type=online&client_id=216296035834-k1k6qe060s2tp2a2jam4ljdcms00sttg.apps.googleusercontent.com&redirect_uri=https%3A%2F%2Fmedium.com%2Fm%2Fcallback%2Fgoogle&response_type=id_token%20token&scope=email%20openid%20profile&nonce=1a2c38aa458ca2945dcf826cd7eb84f7e941b3aae1ec3973269f26145fa6b04a line 1 > eval line 7057 > eval, line 1: WEBGL_debug_renderer_info is deprecated in Firefox and will be removed. Please use RENDERER.
console.warn: LoginRecipes: "getRecipes: falling back to a synchronous message for:" "https://accounts.google.com"
console.warn: LoginRecipes: "getRecipes: falling back to a synchronous message for:" "https://accounts.google.com"
JavaScript warning: https://accounts.google.com/o/oauth2/auth?operation=login&state=google-%7Chttps%3A%2F%2Fmedium.com%2F%3Fsource%3Dlogin--------------------------lo_home_nav--------------%7Clogin&access_type=online&client_id=216296035834-k1k6qe060s2tp2a2jam4ljdcms00sttg.apps.googleusercontent.com&redirect_uri=https%3A%2F%2Fmedium.com%2Fm%2Fcallback%2Fgoogle&response_type=id_token+token&scope=email+openid+profile&nonce=1a2c38aa458ca2945dcf826cd7eb84f7e941b3aae1ec3973269f26145fa6b04a&flowName=GeneralOAuthFlow line 1 > eval line 6337 > eval, line 1: WEBGL_debug_renderer_info is deprecated in Firefox and will be removed. Please use RENDERER.
console.warn: LoginRecipes: "getRecipes: falling back to a synchronous message for:" "https://accounts.google.com"
JavaScript warning: https://accounts.google.com/o/oauth2/auth?operation=login&state=google-%7Chttps%3A%2F%2Fmedium.com%2F%3Fsource%3Dlogin--------------------------lo_home_nav--------------%7Clogin&access_type=online&client_id=216296035834-k1k6qe060s2tp2a2jam4ljdcms00sttg.apps.googleusercontent.com&redirect_uri=https%3A%2F%2Fmedium.com%2Fm%2Fcallback%2Fgoogle&response_type=id_token+token&scope=email+openid+profile&nonce=1a2c38aa458ca2945dcf826cd7eb84f7e941b3aae1ec3973269f26145fa6b04a&flowName=GeneralOAuthFlow line 1 > eval line 1291 > eval, line 1: WEBGL_debug_renderer_info is deprecated in Firefox and will be removed. Please use RENDERER.
_RegisterApplication(), FAILED TO establish the default connection to the WindowServer, _CGSDefaultConnection() is NULL.
[Child 13460, MediaDecoderStateMachine #1] WARNING: 11d504200 Could not set cubeb stream name.: file /builds/worker/checkouts/gecko/dom/media/AudioStream.cpp:367
[Child 13460, MediaDecoderStateMachine #1] WARNING: 1204f3600 Could not set cubeb stream name.: file /builds/worker/checkouts/gecko/dom/media/AudioStream.cpp:367
[Child 13460, MediaDecoderStateMachine #1] WARNING: 11de2f100 Could not set cubeb stream name.: file /builds/worker/checkouts/gecko/dom/media/AudioStream.cpp:367
JavaScript error: , line 0: NotFoundError: No such JSWindowActor 'DevToolsFrame'
console.error: (new InvalidStateError("JSWindowActorChild.sendAsyncMessage: JSWindowActorChild cannot send at the moment", (void 0), 335))
InvalidStateError: JSWindowActorChild.sendAsyncMessage: JSWindowActorChild cannot send at the moment: _createTargetActor/<@resource://devtools/server/connectors/js-window-actor/DevToolsFrameChild.jsm:335:12
newListener@resource://devtools/shared/event-emitter.js:173:27
_emit@resource://devtools/shared/event-emitter.js:244:34
emit@resource://devtools/shared/event-emitter.js:190:18
emit@resource://devtools/shared/event-emitter.js:342:18
destroy@resource://devtools/server/actors/targets/window-global.js:733:10
module.exports/proto.destroy@resource://devtools/server/actors/targets/target-actor-mixin.js:242:30
instantiate@resource://devtools/server/connectors/js-window-actor/DevToolsFrameChild.jsm:242:26
handleEvent@resource://devtools/server/connectors/js-window-actor/DevToolsFrameChild.jsm:650:12

JavaScript warning: https://www.amazon.co.uk/s/258-0255267-4906420?ie=UTF8&field-keywords=medium&index=blended&link_code=qs&sourceid=Mozilla-search&tag=firefox-uk-21 line 11190 > injectedScript, line 1: WEBGL_debug_renderer_info is deprecated in Firefox and will be removed. Please use RENDERER.
console.error: (new InvalidStateError("JSWindowActorChild.sendAsyncMessage: JSWindowActorChild cannot send at the moment", (void 0), 335))
InvalidStateError: JSWindowActorChild.sendAsyncMessage: JSWindowActorChild cannot send at the moment: _createTargetActor/<@resource://devtools/server/connectors/js-window-actor/DevToolsFrameChild.jsm:335:12
newListener@resource://devtools/shared/event-emitter.js:173:27
_emit@resource://devtools/shared/event-emitter.js:244:34
emit@resource://devtools/shared/event-emitter.js:190:18
emit@resource://devtools/shared/event-emitter.js:342:18
destroy@resource://devtools/server/actors/targets/window-global.js:733:10
module.exports/proto.destroy@resource://devtools/server/actors/targets/target-actor-mixin.js:242:30
instantiate@resource://devtools/server/connectors/js-window-actor/DevToolsFrameChild.jsm:242:26
handleEvent@resource://devtools/server/connectors/js-window-actor/DevToolsFrameChild.jsm:650:12

_RegisterApplication(), FAILED TO establish the default connection to the WindowServer, _CGSDefaultConnection() is NULL.
JavaScript error: , line 0: TypeError: NetworkError when attempting to fetch resource.
JavaScript warning: https://www.redditstatic.com/accountmanager/login.97d25d2d7a0b2889b184.js, line 1: unreachable code after return statement
JavaScript error: resource://devtools/server/actors/network-monitor/network-event-actor.js, line 110: Error: Got a request https://www.redditstatic.com/accountmanager/vendor.4edfac426c2c4357e34e.css without a browsingContextID set
JavaScript error: resource://devtools/server/actors/network-monitor/network-event-actor.js, line 110: Error: Got a request https://www.redditstatic.com/accountmanager/theme.bf3c4fed32b8d285e588.css without a browsingContextID set
JavaScript error: resource://devtools/server/actors/network-monitor/network-event-actor.js, line 110: Error: Got a request https://www.redditstatic.com/accountmanager/login.a2a948983c9f12b10c1b.css without a browsingContextID set
1643987955402	Marionette	INFO	Stopped listening on port 53603
console.warn: "Async method failed in safeAsyncMethod" (new Error("Connection closed, pending request to server0.conn2.windowGlobal15032385562/customhighlighter57, type hide failed\n\nRequest stack:\nrequest@resource://devtools/shared/protocol/Front.js:292:14\ngenerateRequestMethods/</frontProto[name]@resource://devtools/shared/protocol/Front/FrontClassWithSpec.js:46:19\nhide@resource://devtools/client/fronts/highlighters.js:32:18\nexports.safeAsyncMethod/<@resource://devtools/shared/async-utils.js:61:25\nhideHighlighterType@resource://devtools/client/inspector/shared/highlighters-overlay.js:640:23\nexports.safeAsyncMethod/<@resource://devtools/shared/async-utils.js:61:25\nunhighlightNode/<@resource://devtools/client/inspector/boxmodel/actions/box-model-highlighter.js:81:36\nthunk/</</<@resource://devtools/client/shared/redux/middleware/thunk.js:17:11\nonMouseOut@resource://devtools/client/inspector/boxmodel/components/BoxModelMain.js:488:35\ninvokeGuardedCallbackImpl@resource://devtools/client/shared/vendor/react-dom.js:74:10\ninvokeGuardedCallback@resource://devtools/client/shared/vendor/react-dom.js:111:29\ninvokeGuardedCallbackAndCatchFirstError@resource://devtools/client/shared/vendor/react-dom.js:125:25\nexecuteDispatch@resource://devtools/client/shared/vendor/react-dom.js:346:42\nexecuteDispatchesInOrder@resource://devtools/client/shared/vendor/react-dom.js:365:20\nexecuteDispatchesAndRelease@resource://devtools/client/shared/vendor/react-dom.js:462:29\nexecuteDispatchesAndReleaseTopLevel@resource://devtools/client/shared/vendor/react-dom.js:470:10\nforEachAccumulated@resource://devtools/client/shared/vendor/react-dom.js:442:9\nrunEventsInBatch@resource://devtools/client/shared/vendor/react-dom.js:598:21\nrunExtractedEventsInBatch@resource://devtools/client/shared/vendor/react-dom.js:606:19\nhandleTopLevel@resource://devtools/client/shared/vendor/react-dom.js:4272:30\nbatchedUpdates$1@resource://devtools/client/shared/vendor/react-dom.js:15752:12\nbatchedUpdates@resource://devtools/client/shared/vendor/react-dom.js:1882:12\ndispatchEvent@resource://devtools/client/shared/vendor/react-dom.js:4351:19\nflushAllWindowsAsync@resource:///modules/sessionstore/SessionStore.jsm:2151:7\nssi_onQuitApplicationGranted/<@resource:///modules/sessionstore/SessionStore.jsm:2063:32\ntrigger@resource://gre/modules/AsyncShutdown.jsm:747:23\n_wait@resource://gre/modules/AsyncShutdown.jsm:899:15\nwait@resource://gre/modules/AsyncShutdown.jsm:880:34\nobserve@resource://gre/modules/AsyncShutdown.jsm:557:10\n", "resource://devtools/shared/protocol/Front.js", 106))
JavaScript error: , line 0: NotFoundError: No such JSWindowActor 'DevToolsFrame'
JavaScript error: , line 0: NotFoundError: No such JSWindowActor 'DevToolsFrame'
JavaScript error: , line 0: NotFoundError: No such JSWindowActor 'DevToolsFrame'

###!!! [Parent][RunMessage] Error: Channel closing: too late to send/recv, messages will be lost

